2022-01-16 12:15:07,948 -0800 [main] INFO  (LoginTest_001.java:16) - URL is opened
2022-01-16 12:15:09,559 -0800 [main] INFO  (LoginTest_001.java:21) - Entered UserID
2022-01-16 12:15:10,133 -0800 [main] INFO  (LoginTest_001.java:24) - Entered Password
2022-01-16 12:15:30,082 -0800 [main] INFO  (LoginTest_001.java:16) - URL is opened
2022-01-16 12:15:30,545 -0800 [main] INFO  (LoginTest_001.java:21) - Entered UserID
2022-01-16 12:15:30,745 -0800 [main] INFO  (LoginTest_001.java:24) - Entered Password
2022-01-16 12:15:30,984 -0800 [main] INFO  (LoginTest_001.java:27) - Clicked LoginButton
2022-01-16 12:15:34,073 -0800 [main] INFO  (LoginTest_001.java:36) - Testcase passed
2022-01-16 12:59:48,422 -0800 [main] INFO  (LoginTest_001.java:16) - URL is opened
2022-01-16 13:02:01,627 -0800 [main] INFO  (LoginTest_001.java:16) - URL is opened
2022-01-16 13:03:46,926 -0800 [main] INFO  (LoginTest_001.java:16) - URL is opened
2022-01-16 13:04:32,158 -0800 [main] INFO  (LoginTest_001.java:16) - URL is opened
2022-01-16 13:06:36,117 -0800 [main] INFO  (LoginTest_001.java:16) - URL is opened
2022-01-16 13:06:36,296 -0800 [main] INFO  (LoginTest_001.java:21) - Entered UserID
2022-01-16 13:06:36,383 -0800 [main] INFO  (LoginTest_001.java:24) - Entered Password
2022-01-16 13:06:36,580 -0800 [main] INFO  (LoginTest_001.java:27) - Clicked LoginButton
2022-01-16 13:06:39,650 -0800 [main] INFO  (LoginTest_001.java:36) - Testcase passed
2022-01-16 14:16:54,996 -0800 [main] INFO  (LoginTest_001.java:18) - URL is opened
2022-01-16 14:16:55,135 -0800 [main] INFO  (LoginTest_001.java:23) - Entered UserID
2022-01-16 14:16:55,219 -0800 [main] INFO  (LoginTest_001.java:26) - Entered Password
2022-01-16 14:16:55,254 -0800 [main] INFO  (LoginTest_001.java:29) - Clicked LoginButton
2022-01-16 14:16:58,270 -0800 [main] INFO  (LoginTest_001.java:38) - Testcase passed
2022-01-16 14:19:04,241 -0800 [main] INFO  (LoginTest_001.java:18) - URL is opened
2022-01-16 14:19:36,248 -0800 [main] INFO  (LoginTest_001.java:23) - Entered UserID
2022-01-16 14:19:36,725 -0800 [main] INFO  (LoginTest_001.java:26) - Entered Password
2022-01-16 14:19:40,224 -0800 [main] INFO  (LoginTest_001.java:29) - Clicked LoginButton
2022-01-16 14:21:07,896 -0800 [main] INFO  (LoginTest_001.java:18) - URL is opened
2022-01-16 14:21:25,411 -0800 [main] INFO  (LoginTest_001.java:23) - Entered UserID
2022-01-16 14:21:25,602 -0800 [main] INFO  (LoginTest_001.java:26) - Entered Password
2022-01-16 14:21:32,851 -0800 [main] INFO  (LoginTest_001.java:29) - Clicked LoginButton
2022-01-16 14:21:35,986 -0800 [main] INFO  (LoginTest_001.java:38) - Testcase passed
2022-01-16 14:24:44,965 -0800 [main] INFO  (LoginTest_001.java:14) - URL is opened
2022-01-16 14:24:45,310 -0800 [main] INFO  (LoginTest_001.java:19) - Entered UserID
2022-01-16 14:24:45,462 -0800 [main] INFO  (LoginTest_001.java:22) - Entered Password
2022-01-16 14:24:47,288 -0800 [main] INFO  (LoginTest_001.java:25) - Clicked LoginButton
2022-01-16 14:24:50,301 -0800 [main] INFO  (LoginTest_001.java:34) - Testcase passed
2022-01-16 19:16:04,096 -0800 [main] INFO  (LoginTest_001.java:14) - URL is opened
2022-01-16 19:16:40,359 -0800 [main] INFO  (LoginTest_001.java:19) - Entered UserID
2022-01-16 19:16:43,157 -0800 [main] INFO  (LoginTest_001.java:22) - Entered Password
2022-01-16 19:16:53,276 -0800 [main] INFO  (LoginTest_001.java:25) - Clicked LoginButton
2022-01-16 19:18:50,186 -0800 [main] INFO  (LoginTest_001.java:14) - URL is opened
2022-01-16 19:20:08,592 -0800 [main] INFO  (LoginTest_001.java:19) - Entered UserID
2022-01-16 19:20:08,919 -0800 [main] INFO  (LoginTest_001.java:22) - Entered Password
2022-01-16 19:20:14,002 -0800 [main] INFO  (LoginTest_001.java:25) - Clicked LoginButton
2022-01-16 19:20:17,972 -0800 [main] INFO  (LoginTest_001.java:34) - Testcase passed
2022-01-16 19:24:06,243 -0800 [main] INFO  (LoginTest_001.java:14) - URL is opened
2022-01-16 19:24:19,342 -0800 [main] INFO  (LoginTest_001.java:19) - Entered UserID
2022-01-16 19:24:19,448 -0800 [main] INFO  (LoginTest_001.java:22) - Entered Password
2022-01-16 19:26:59,486 -0800 [main] INFO  (LoginTest_001.java:14) - URL is opened
2022-01-16 19:27:24,866 -0800 [main] INFO  (LoginTest_001.java:19) - Entered UserID
2022-01-16 19:27:27,242 -0800 [main] INFO  (LoginTest_001.java:22) - Entered Password
2022-01-17 15:53:27,856 -0800 [main] INFO  (LoginTestDDT_002.java:21) - UserId is provided
2022-01-17 15:53:28,408 -0800 [main] INFO  (LoginTestDDT_002.java:23) - Password is provided
2022-01-17 15:53:29,719 -0800 [main] INFO  (LoginTestDDT_002.java:21) - UserId is provided
2022-01-17 15:53:29,762 -0800 [main] INFO  (LoginTestDDT_002.java:23) - Password is provided
2022-01-17 15:53:30,851 -0800 [main] INFO  (LoginTestDDT_002.java:21) - UserId is provided
2022-01-17 15:53:30,894 -0800 [main] INFO  (LoginTestDDT_002.java:23) - Password is provided
2022-01-17 15:53:31,983 -0800 [main] INFO  (LoginTestDDT_002.java:21) - UserId is provided
2022-01-17 15:53:32,020 -0800 [main] INFO  (LoginTestDDT_002.java:23) - Password is provided
2022-01-17 15:53:33,114 -0800 [main] INFO  (LoginTestDDT_002.java:21) - UserId is provided
2022-01-17 15:53:33,155 -0800 [main] INFO  (LoginTestDDT_002.java:23) - Password is provided
2022-01-17 15:56:06,237 -0800 [main] INFO  (LoginTestDDT_002.java:21) - UserId is provided
2022-01-17 15:56:06,436 -0800 [main] INFO  (LoginTestDDT_002.java:23) - Password is provided
2022-01-17 15:56:07,878 -0800 [main] INFO  (LoginTestDDT_002.java:21) - UserId is provided
2022-01-17 15:56:07,947 -0800 [main] INFO  (LoginTestDDT_002.java:23) - Password is provided
2022-01-17 15:56:08,956 -0800 [main] INFO  (LoginTestDDT_002.java:36) - Login passed
2022-01-17 15:56:21,244 -0800 [main] INFO  (LoginTestDDT_002.java:21) - UserId is provided
2022-01-17 15:56:21,382 -0800 [main] INFO  (LoginTestDDT_002.java:23) - Password is provided
2022-01-17 15:56:28,139 -0800 [main] INFO  (LoginTestDDT_002.java:21) - UserId is provided
2022-01-17 15:56:28,444 -0800 [main] INFO  (LoginTestDDT_002.java:23) - Password is provided
2022-01-17 15:56:29,255 -0800 [main] INFO  (LoginTestDDT_002.java:36) - Login passed
2022-01-17 15:56:49,078 -0800 [main] INFO  (LoginTestDDT_002.java:21) - UserId is provided
2022-01-17 15:56:49,248 -0800 [main] INFO  (LoginTestDDT_002.java:23) - Password is provided
2022-01-17 16:04:21,037 -0800 [main] INFO  (LoginTestDDT_002.java:21) - UserId is provided
2022-01-17 16:04:22,580 -0800 [main] INFO  (LoginTestDDT_002.java:23) - Password is provided
2022-01-17 16:04:26,929 -0800 [main] INFO  (LoginTestDDT_002.java:21) - UserId is provided
2022-01-17 16:04:26,980 -0800 [main] INFO  (LoginTestDDT_002.java:23) - Password is provided
2022-01-17 16:04:28,146 -0800 [main] INFO  (LoginTestDDT_002.java:36) - Login passed
2022-01-17 16:04:29,123 -0800 [main] INFO  (LoginTestDDT_002.java:21) - UserId is provided
2022-01-17 16:04:36,724 -0800 [main] INFO  (LoginTestDDT_002.java:23) - Password is provided
2022-01-17 16:04:42,741 -0800 [main] INFO  (LoginTestDDT_002.java:21) - UserId is provided
2022-01-17 16:04:42,803 -0800 [main] INFO  (LoginTestDDT_002.java:23) - Password is provided
2022-01-17 16:04:43,541 -0800 [main] INFO  (LoginTestDDT_002.java:36) - Login passed
2022-01-17 16:04:44,410 -0800 [main] INFO  (LoginTestDDT_002.java:21) - UserId is provided
2022-01-17 16:04:53,309 -0800 [main] INFO  (LoginTestDDT_002.java:23) - Password is provided
2022-01-17 16:17:52,127 -0800 [main] INFO  (LoginTestDDT_002.java:21) - UserId is provided
2022-01-17 16:17:52,430 -0800 [main] INFO  (LoginTestDDT_002.java:23) - Password is provided
2022-01-17 16:18:07,641 -0800 [main] INFO  (LoginTestDDT_002.java:21) - UserId is provided
2022-01-17 16:18:07,719 -0800 [main] INFO  (LoginTestDDT_002.java:23) - Password is provided
2022-01-17 16:18:18,493 -0800 [main] INFO  (LoginTestDDT_002.java:36) - Login passed
2022-01-17 16:18:40,307 -0800 [main] INFO  (LoginTestDDT_002.java:21) - UserId is provided
2022-01-17 16:18:47,268 -0800 [main] INFO  (LoginTestDDT_002.java:23) - Password is provided
2022-01-17 16:18:56,428 -0800 [main] INFO  (LoginTestDDT_002.java:21) - UserId is provided
2022-01-17 16:18:56,479 -0800 [main] INFO  (LoginTestDDT_002.java:23) - Password is provided
2022-01-17 16:19:03,998 -0800 [main] INFO  (LoginTestDDT_002.java:36) - Login passed
2022-01-17 16:19:12,994 -0800 [main] INFO  (LoginTestDDT_002.java:21) - UserId is provided
2022-01-17 16:19:13,717 -0800 [main] INFO  (LoginTestDDT_002.java:23) - Password is provided
2022-01-17 18:04:46,531 -0800 [main] INFO  (NewCustomerTest_003.java:17) - UserId is provided
2022-01-17 18:04:46,725 -0800 [main] INFO  (NewCustomerTest_003.java:19) - Password is provided
2022-01-17 18:05:10,707 -0800 [main] INFO  (NewCustomerTest_003.java:39) - Customer details are provided
2022-01-17 18:06:22,569 -0800 [main] INFO  (NewCustomerTest_003.java:17) - UserId is provided
2022-01-17 18:06:22,713 -0800 [main] INFO  (NewCustomerTest_003.java:19) - Password is provided
2022-01-17 18:07:25,460 -0800 [main] INFO  (NewCustomerTest_003.java:39) - Customer details are provided
2022-01-17 18:09:47,214 -0800 [main] INFO  (NewCustomerTest_003.java:17) - UserId is provided
2022-01-17 18:09:47,631 -0800 [main] INFO  (NewCustomerTest_003.java:19) - Password is provided
2022-01-17 18:10:43,120 -0800 [main] INFO  (NewCustomerTest_003.java:39) - Customer details are provided
2022-01-17 18:20:04,771 -0800 [main] INFO  (NewCustomerTest_003.java:19) - UserId is provided
2022-01-17 18:20:05,154 -0800 [main] INFO  (NewCustomerTest_003.java:21) - Password is provided
2022-01-17 18:22:14,941 -0800 [main] INFO  (NewCustomerTest_003.java:19) - UserId is provided
2022-01-17 18:22:23,455 -0800 [main] INFO  (NewCustomerTest_003.java:21) - Password is provided
2022-01-17 18:23:38,003 -0800 [main] INFO  (NewCustomerTest_003.java:19) - UserId is provided
2022-01-17 18:23:41,690 -0800 [main] INFO  (NewCustomerTest_003.java:21) - Password is provided
2022-01-17 18:26:28,934 -0800 [main] INFO  (NewCustomerTest_003.java:20) - UserId is provided
2022-01-17 18:26:29,013 -0800 [main] INFO  (NewCustomerTest_003.java:22) - Password is provided
2022-01-17 18:28:41,982 -0800 [main] INFO  (NewCustomerTest_003.java:20) - UserId is provided
2022-01-17 18:28:42,111 -0800 [main] INFO  (NewCustomerTest_003.java:22) - Password is provided
2022-01-17 18:30:37,580 -0800 [main] INFO  (NewCustomerTest_003.java:20) - UserId is provided
2022-01-17 18:30:37,724 -0800 [main] INFO  (NewCustomerTest_003.java:22) - Password is provided
2022-01-17 18:31:06,731 -0800 [main] INFO  (NewCustomerTest_003.java:47) - Customer details are provided
2022-01-17 18:42:28,788 -0800 [main] INFO  (NewCustomerTest_003.java:20) - UserId is provided
2022-01-17 18:42:30,088 -0800 [main] INFO  (NewCustomerTest_003.java:22) - Password is provided
2022-01-17 18:46:28,857 -0800 [main] INFO  (NewCustomerTest_003.java:20) - UserId is provided
2022-01-17 18:46:29,493 -0800 [main] INFO  (NewCustomerTest_003.java:22) - Password is provided
2022-01-17 18:46:41,610 -0800 [main] INFO  (NewCustomerTest_003.java:47) - Customer details are provided
2022-01-17 20:25:20,647 -0800 [main] INFO  (NewCustomerTest_003.java:20) - UserId is provided
2022-01-17 20:25:20,755 -0800 [main] INFO  (NewCustomerTest_003.java:22) - Password is provided
2022-01-17 20:25:54,423 -0800 [main] INFO  (NewCustomerTest_003.java:47) - Customer details are provided
2022-01-17 20:30:25,836 -0800 [main] INFO  (NewCustomerTest_003.java:20) - UserId is provided
2022-01-17 20:30:27,517 -0800 [main] INFO  (NewCustomerTest_003.java:22) - Password is provided
2022-01-17 20:30:42,738 -0800 [main] INFO  (NewCustomerTest_003.java:47) - Customer details are provided
2022-01-17 20:30:46,502 -0800 [main] INFO  (NewCustomerTest_003.java:58) - Testcase is passed
2022-01-17 20:33:34,723 -0800 [main] INFO  (LoginTest_001.java:17) - URL is opened
2022-01-17 20:33:58,028 -0800 [main] INFO  (LoginTest_001.java:22) - Entered UserID
2022-01-17 20:33:58,174 -0800 [main] INFO  (LoginTest_001.java:25) - Entered Password
2022-01-17 20:34:01,134 -0800 [main] INFO  (LoginTest_001.java:28) - Clicked LoginButton
2022-01-17 20:35:17,731 -0800 [main] INFO  (LoginTestDDT_002.java:21) - UserId is provided
2022-01-17 20:35:18,280 -0800 [main] INFO  (LoginTestDDT_002.java:23) - Password is provided
2022-01-17 20:35:21,757 -0800 [main] INFO  (LoginTestDDT_002.java:21) - UserId is provided
2022-01-17 20:35:21,822 -0800 [main] INFO  (LoginTestDDT_002.java:23) - Password is provided
2022-01-17 20:35:31,244 -0800 [main] INFO  (LoginTestDDT_002.java:36) - Login passed
2022-01-17 20:35:43,922 -0800 [main] INFO  (LoginTestDDT_002.java:21) - UserId is provided
2022-01-17 20:35:44,019 -0800 [main] INFO  (LoginTestDDT_002.java:23) - Password is provided
2022-01-17 20:35:46,810 -0800 [main] INFO  (LoginTestDDT_002.java:21) - UserId is provided
2022-01-17 20:35:46,859 -0800 [main] INFO  (LoginTestDDT_002.java:23) - Password is provided
2022-01-17 20:35:47,933 -0800 [main] INFO  (LoginTestDDT_002.java:36) - Login passed
2022-01-17 20:36:22,974 -0800 [main] INFO  (LoginTestDDT_002.java:21) - UserId is provided
2022-01-17 20:36:23,391 -0800 [main] INFO  (LoginTestDDT_002.java:23) - Password is provided
2022-01-17 20:37:35,395 -0800 [main] INFO  (NewCustomerTest_003.java:20) - UserId is provided
2022-01-17 20:37:35,681 -0800 [main] INFO  (NewCustomerTest_003.java:22) - Password is provided
2022-01-17 20:38:33,310 -0800 [main] INFO  (NewCustomerTest_003.java:47) - Customer details are provided
2022-01-17 20:38:41,777 -0800 [main] INFO  (NewCustomerTest_003.java:58) - Testcase is passed
2022-01-17 20:44:17,156 -0800 [main] INFO  (LoginTestDDT_002.java:21) - UserId is provided
2022-01-17 20:44:17,462 -0800 [main] INFO  (LoginTestDDT_002.java:23) - Password is provided
2022-01-17 20:44:21,360 -0800 [main] INFO  (LoginTestDDT_002.java:21) - UserId is provided
2022-01-17 20:44:21,480 -0800 [main] INFO  (LoginTestDDT_002.java:23) - Password is provided
2022-01-17 20:44:26,985 -0800 [main] INFO  (LoginTestDDT_002.java:21) - UserId is provided
2022-01-17 20:44:27,195 -0800 [main] INFO  (LoginTestDDT_002.java:23) - Password is provided
2022-01-17 20:44:57,619 -0800 [main] INFO  (LoginTest_001.java:17) - URL is opened
2022-01-17 20:45:59,138 -0800 [main] INFO  (LoginTest_001.java:22) - Entered UserID
2022-01-17 20:46:01,865 -0800 [main] INFO  (LoginTest_001.java:25) - Entered Password
2022-01-17 20:46:08,459 -0800 [main] INFO  (LoginTest_001.java:28) - Clicked LoginButton
2022-01-17 20:46:11,470 -0800 [main] INFO  (LoginTest_001.java:37) - Testcase passed
2022-01-17 21:39:31,446 -0800 [main] INFO  (LoginTest_001.java:17) - URL is opened
2022-01-17 21:40:28,342 -0800 [main] INFO  (LoginTest_001.java:22) - Entered UserID
2022-01-17 21:40:30,190 -0800 [main] INFO  (LoginTest_001.java:25) - Entered Password
2022-01-17 21:40:34,038 -0800 [main] INFO  (LoginTest_001.java:28) - Clicked LoginButton
2022-01-17 21:41:12,155 -0800 [main] INFO  (NewCustomerTest_003.java:18) - UserId is provided
2022-01-17 21:41:12,551 -0800 [main] INFO  (NewCustomerTest_003.java:20) - Password is provided
2022-01-17 21:41:59,111 -0800 [main] INFO  (NewCustomerTest_003.java:45) - Customer details are provided
2022-01-17 21:42:15,894 -0800 [main] INFO  (NewCustomerTest_003.java:56) - Testcase is passed
2022-01-17 22:41:16,649 -0800 [main] INFO  (LoginTest_001.java:17) - URL is opened
2022-01-17 22:41:17,013 -0800 [main] INFO  (LoginTest_001.java:22) - Entered UserID
2022-01-17 22:41:17,127 -0800 [main] INFO  (LoginTest_001.java:25) - Entered Password
2022-01-17 22:41:22,092 -0800 [main] INFO  (LoginTest_001.java:28) - Clicked LoginButton
2022-01-17 22:41:25,121 -0800 [main] INFO  (LoginTest_001.java:37) - Testcase passed
2022-01-17 22:49:20,967 -0800 [main] INFO  (LoginTest_001.java:17) - URL is opened
2022-01-17 22:50:34,905 -0800 [main] INFO  (LoginTest_001.java:22) - Entered UserID
2022-01-17 22:50:35,287 -0800 [main] INFO  (LoginTest_001.java:25) - Entered Password
2022-01-17 22:50:37,952 -0800 [main] INFO  (LoginTest_001.java:28) - Clicked LoginButton
2022-01-17 22:50:40,960 -0800 [main] INFO  (LoginTest_001.java:37) - Testcase passed
2022-01-17 23:21:11,223 -0800 [main] INFO  (LoginTest_001.java:17) - URL is opened
2022-01-17 23:21:18,620 -0800 [main] INFO  (LoginTest_001.java:22) - Entered UserID
2022-01-17 23:21:18,704 -0800 [main] INFO  (LoginTest_001.java:25) - Entered Password
2022-01-17 23:21:19,492 -0800 [main] INFO  (LoginTest_001.java:28) - Clicked LoginButton
2022-01-17 23:21:22,527 -0800 [main] INFO  (LoginTest_001.java:37) - Testcase passed
2022-01-18 19:39:27,915 -0800 [main] INFO  (LoginTest_001.java:17) - URL is opened
2022-01-18 19:39:42,877 -0800 [main] INFO  (LoginTest_001.java:22) - Entered UserID
2022-01-18 19:39:43,138 -0800 [main] INFO  (LoginTest_001.java:25) - Entered Password
2022-01-18 20:49:28,059 -0800 [main] INFO  (LoginTest_001.java:17) - URL is opened
2022-01-18 20:49:49,513 -0800 [main] INFO  (LoginTest_001.java:22) - Entered UserID
2022-01-18 20:49:55,295 -0800 [main] INFO  (LoginTest_001.java:25) - Entered Password
2022-01-18 20:50:11,339 -0800 [main] INFO  (LoginTest_001.java:28) - Clicked LoginButton
2022-01-18 20:50:28,106 -0800 [main] INFO  (LoginTest_001.java:37) - Testcase passed
2022-01-18 21:46:11,327 -0800 [main] INFO  (LoginTest_001.java:17) - URL is opened
2022-01-18 21:46:19,070 -0800 [main] INFO  (LoginTest_001.java:22) - Entered UserID
2022-01-18 21:46:19,129 -0800 [main] INFO  (LoginTest_001.java:25) - Entered Password
2022-01-18 21:46:19,578 -0800 [main] INFO  (LoginTest_001.java:28) - Clicked LoginButton
2022-01-19 17:27:30,290 -0800 [main] INFO  (LoginTest_001.java:17) - URL is opened
2022-01-19 17:28:19,870 -0800 [main] INFO  (LoginTest_001.java:22) - Entered UserID
2022-01-19 17:28:33,427 -0800 [main] INFO  (LoginTest_001.java:25) - Entered Password
2022-01-19 17:28:45,807 -0800 [main] INFO  (LoginTest_001.java:28) - Clicked LoginButton
2022-01-19 17:28:48,878 -0800 [main] INFO  (LoginTest_001.java:37) - Testcase passed
2022-01-19 18:47:25,533 -0800 [main] INFO  (LoginTest_001.java:17) - URL is opened
2022-01-19 18:47:31,004 -0800 [main] INFO  (LoginTest_001.java:22) - Entered UserID
2022-01-19 18:47:31,187 -0800 [main] INFO  (LoginTest_001.java:25) - Entered Password
2022-01-19 18:47:41,519 -0800 [main] INFO  (LoginTest_001.java:28) - Clicked LoginButton
2022-01-19 18:47:44,567 -0800 [main] INFO  (LoginTest_001.java:37) - Testcase passed
2022-01-19 18:49:53,096 -0800 [main] INFO  (LoginTest_001.java:17) - URL is opened
2022-01-19 18:49:53,793 -0800 [main] INFO  (LoginTest_001.java:22) - Entered UserID
2022-01-19 18:49:53,866 -0800 [main] INFO  (LoginTest_001.java:25) - Entered Password
2022-01-19 18:49:57,540 -0800 [main] INFO  (LoginTest_001.java:28) - Clicked LoginButton
2022-01-19 18:50:00,566 -0800 [main] INFO  (LoginTest_001.java:37) - Testcase passed
2022-01-19 18:51:32,608 -0800 [main] INFO  (LoginTest_001.java:17) - URL is opened
2022-01-19 18:51:33,434 -0800 [main] INFO  (LoginTest_001.java:22) - Entered UserID
2022-01-19 18:51:36,995 -0800 [main] INFO  (LoginTest_001.java:25) - Entered Password
2022-01-19 18:51:53,151 -0800 [main] INFO  (LoginTest_001.java:28) - Clicked LoginButton
2022-01-19 18:51:56,435 -0800 [main] INFO  (LoginTest_001.java:37) - Testcase passed
2022-01-19 20:38:47,375 -0800 [main] INFO  (LoginTest_001.java:17) - URL is opened
2022-01-19 20:38:51,848 -0800 [main] INFO  (LoginTest_001.java:22) - Entered UserID
2022-01-19 20:38:51,911 -0800 [main] INFO  (LoginTest_001.java:25) - Entered Password
2022-01-19 20:38:55,438 -0800 [main] INFO  (LoginTest_001.java:28) - Clicked LoginButton
2022-01-19 20:38:58,699 -0800 [main] INFO  (LoginTest_001.java:37) - Testcase passed
2022-01-19 20:41:32,144 -0800 [main] INFO  (LoginTest_001.java:17) - URL is opened
2022-01-19 20:41:44,708 -0800 [main] INFO  (LoginTest_001.java:22) - Entered UserID
2022-01-19 20:41:44,811 -0800 [main] INFO  (LoginTest_001.java:25) - Entered Password
2022-01-19 20:41:48,480 -0800 [main] INFO  (LoginTest_001.java:28) - Clicked LoginButton
2022-01-19 20:41:51,489 -0800 [main] INFO  (LoginTest_001.java:37) - Testcase passed
2022-01-19 20:45:05,945 -0800 [main] INFO  (LoginTest_001.java:17) - URL is opened
2022-01-19 20:45:22,133 -0800 [main] INFO  (LoginTest_001.java:22) - Entered UserID
2022-01-19 20:45:22,559 -0800 [main] INFO  (LoginTest_001.java:25) - Entered Password
2022-01-19 20:45:26,499 -0800 [main] INFO  (LoginTest_001.java:28) - Clicked LoginButton
2022-01-19 20:45:29,507 -0800 [main] INFO  (LoginTest_001.java:37) - Testcase passed
2022-01-19 21:00:01,698 -0800 [main] INFO  (LoginTest_001.java:17) - URL is opened
2022-01-19 21:00:22,290 -0800 [main] INFO  (LoginTest_001.java:22) - Entered UserID
2022-01-19 21:00:22,644 -0800 [main] INFO  (LoginTest_001.java:25) - Entered Password
2022-01-19 21:00:34,799 -0800 [main] INFO  (LoginTest_001.java:28) - Clicked LoginButton
2022-01-19 21:00:38,641 -0800 [main] INFO  (LoginTest_001.java:37) - Testcase passed
2022-01-19 21:14:32,206 -0800 [main] INFO  (LoginTest_001.java:17) - URL is opened
2022-01-19 21:14:35,395 -0800 [main] INFO  (LoginTest_001.java:22) - Entered UserID
2022-01-19 21:14:35,581 -0800 [main] INFO  (LoginTest_001.java:25) - Entered Password
2022-01-19 21:14:38,542 -0800 [main] INFO  (LoginTest_001.java:28) - Clicked LoginButton
2022-01-19 21:14:41,625 -0800 [main] INFO  (LoginTest_001.java:37) - Testcase passed
2022-01-19 21:25:44,919 -0800 [main] INFO  (LoginTest_001.java:17) - URL is opened
2022-01-19 21:25:51,003 -0800 [main] INFO  (LoginTest_001.java:22) - Entered UserID
2022-01-19 21:25:51,196 -0800 [main] INFO  (LoginTest_001.java:25) - Entered Password
2022-01-19 21:26:01,846 -0800 [main] INFO  (LoginTest_001.java:28) - Clicked LoginButton
2022-01-19 21:26:04,871 -0800 [main] INFO  (LoginTest_001.java:37) - Testcase passed
2022-01-19 21:27:41,280 -0800 [main] INFO  (LoginTest_001.java:17) - URL is opened
2022-01-19 21:28:18,372 -0800 [main] INFO  (LoginTest_001.java:22) - Entered UserID
2022-01-19 21:28:22,073 -0800 [main] INFO  (LoginTest_001.java:25) - Entered Password
2022-01-19 21:28:29,349 -0800 [main] INFO  (LoginTest_001.java:28) - Clicked LoginButton
2022-01-19 21:28:32,428 -0800 [main] INFO  (LoginTest_001.java:37) - Testcase passed
2022-01-20 09:55:16,916 -0800 [main] INFO  (LoginTest_001.java:17) - URL is opened
2022-01-20 09:56:09,472 -0800 [main] INFO  (LoginTest_001.java:22) - Entered UserID
2022-01-20 09:56:28,965 -0800 [main] INFO  (LoginTest_001.java:25) - Entered Password
2022-01-20 09:56:54,202 -0800 [main] INFO  (LoginTest_001.java:28) - Clicked LoginButton
2022-01-20 09:56:57,430 -0800 [main] INFO  (LoginTest_001.java:37) - Testcase passed
2022-01-20 10:27:46,673 -0800 [main] INFO  (LoginTest_001.java:17) - URL is opened
2022-01-20 10:27:58,578 -0800 [main] INFO  (LoginTest_001.java:22) - Entered UserID
2022-01-20 10:28:03,450 -0800 [main] INFO  (LoginTest_001.java:25) - Entered Password
2022-01-20 10:32:02,633 -0800 [main] INFO  (LoginTest_001.java:17) - URL is opened
2022-01-20 10:32:02,769 -0800 [main] INFO  (LoginTest_001.java:22) - Entered UserID
2022-01-20 10:32:02,829 -0800 [main] INFO  (LoginTest_001.java:25) - Entered Password
2022-01-20 10:32:09,798 -0800 [main] INFO  (LoginTest_001.java:28) - Clicked LoginButton
2022-01-20 10:32:12,870 -0800 [main] INFO  (LoginTest_001.java:37) - Testcase passed
2022-01-21 10:11:40,149 -0800 [main] INFO  (LoginTest_001.java:17) - URL is opened
2022-01-21 10:11:41,495 -0800 [main] INFO  (LoginTest_001.java:22) - Entered UserID
2022-01-21 10:11:41,571 -0800 [main] INFO  (LoginTest_001.java:25) - Entered Password
2022-01-21 10:12:00,714 -0800 [main] INFO  (NewCustomerTest_003.java:20) - UserId is provided
2022-01-21 10:12:00,820 -0800 [main] INFO  (NewCustomerTest_003.java:22) - Password is provided
2022-01-21 10:24:58,985 -0800 [main] INFO  (LoginTest_001.java:17) - URL is opened
2022-01-21 10:24:59,453 -0800 [main] INFO  (LoginTest_001.java:22) - Entered UserID
2022-01-21 10:24:59,514 -0800 [main] INFO  (LoginTest_001.java:25) - Entered Password
2022-01-21 10:25:02,644 -0800 [main] INFO  (LoginTest_001.java:28) - Clicked LoginButton
2022-01-21 10:25:05,656 -0800 [main] INFO  (LoginTest_001.java:37) - Testcase passed
2022-01-21 10:25:10,530 -0800 [main] INFO  (NewCustomerTest_003.java:20) - UserId is provided
2022-01-21 10:25:10,588 -0800 [main] INFO  (NewCustomerTest_003.java:22) - Password is provided
2022-01-21 10:29:38,006 -0800 [main] INFO  (LoginTest_001.java:17) - URL is opened
2022-01-21 10:29:38,262 -0800 [main] INFO  (LoginTest_001.java:22) - Entered UserID
2022-01-21 10:29:38,445 -0800 [main] INFO  (LoginTest_001.java:25) - Entered Password
2022-01-21 10:29:39,627 -0800 [main] INFO  (LoginTest_001.java:28) - Clicked LoginButton
2022-01-21 10:29:42,644 -0800 [main] INFO  (LoginTest_001.java:37) - Testcase passed
2022-01-21 10:29:50,161 -0800 [main] INFO  (NewCustomerTest_003.java:20) - UserId is provided
2022-01-21 10:29:50,222 -0800 [main] INFO  (NewCustomerTest_003.java:22) - Password is provided
2022-01-21 10:38:55,509 -0800 [main] INFO  (LoginTest_001.java:17) - URL is opened
2022-01-21 10:38:56,769 -0800 [main] INFO  (LoginTest_001.java:22) - Entered UserID
2022-01-21 10:38:56,904 -0800 [main] INFO  (LoginTest_001.java:25) - Entered Password
2022-01-21 10:38:58,103 -0800 [main] INFO  (LoginTest_001.java:28) - Clicked LoginButton
2022-01-21 10:39:01,146 -0800 [main] INFO  (LoginTest_001.java:37) - Testcase passed
2022-01-21 10:39:12,759 -0800 [main] INFO  (LoginTestDDT_002.java:21) - UserId is provided
2022-01-21 10:39:12,848 -0800 [main] INFO  (LoginTestDDT_002.java:23) - Password is provided
2022-01-21 10:39:14,979 -0800 [main] INFO  (LoginTestDDT_002.java:21) - UserId is provided
2022-01-21 10:39:15,029 -0800 [main] INFO  (LoginTestDDT_002.java:23) - Password is provided
2022-01-21 10:39:16,431 -0800 [main] INFO  (LoginTestDDT_002.java:36) - Login passed
2022-01-21 10:39:17,602 -0800 [main] INFO  (LoginTestDDT_002.java:21) - UserId is provided
2022-01-21 10:39:17,655 -0800 [main] INFO  (LoginTestDDT_002.java:23) - Password is provided
2022-01-21 10:39:18,508 -0800 [main] INFO  (LoginTestDDT_002.java:21) - UserId is provided
2022-01-21 10:39:18,650 -0800 [main] INFO  (LoginTestDDT_002.java:23) - Password is provided
2022-01-21 10:39:18,976 -0800 [main] INFO  (LoginTestDDT_002.java:36) - Login passed
2022-01-21 10:39:20,011 -0800 [main] INFO  (LoginTestDDT_002.java:21) - UserId is provided
2022-01-21 10:39:20,130 -0800 [main] INFO  (LoginTestDDT_002.java:23) - Password is provided
2022-01-21 10:39:29,966 -0800 [main] INFO  (NewCustomerTest_003.java:20) - UserId is provided
2022-01-21 10:39:30,068 -0800 [main] INFO  (NewCustomerTest_003.java:22) - Password is provided
2022-01-21 13:13:53,526 -0800 [main] INFO  (LoginTest_001.java:17) - URL is opened
2022-01-21 13:13:55,053 -0800 [main] INFO  (LoginTest_001.java:22) - Entered UserID
2022-01-21 13:13:55,110 -0800 [main] INFO  (LoginTest_001.java:25) - Entered Password
2022-01-21 13:14:20,932 -0800 [main] INFO  (LoginTestDDT_002.java:21) - UserId is provided
2022-01-21 13:14:20,995 -0800 [main] INFO  (LoginTestDDT_002.java:23) - Password is provided
2022-01-21 13:14:22,235 -0800 [main] INFO  (LoginTestDDT_002.java:21) - UserId is provided
2022-01-21 13:14:22,285 -0800 [main] INFO  (LoginTestDDT_002.java:23) - Password is provided
2022-01-21 13:14:22,852 -0800 [main] INFO  (LoginTestDDT_002.java:36) - Login passed
2022-01-21 13:14:23,887 -0800 [main] INFO  (LoginTestDDT_002.java:21) - UserId is provided
2022-01-21 13:14:24,023 -0800 [main] INFO  (LoginTestDDT_002.java:23) - Password is provided
2022-01-21 13:14:25,040 -0800 [main] INFO  (LoginTestDDT_002.java:21) - UserId is provided
2022-01-21 13:14:25,164 -0800 [main] INFO  (LoginTestDDT_002.java:23) - Password is provided
2022-01-21 13:14:26,070 -0800 [main] INFO  (LoginTestDDT_002.java:36) - Login passed
2022-01-21 13:14:27,102 -0800 [main] INFO  (LoginTestDDT_002.java:21) - UserId is provided
2022-01-21 13:14:27,255 -0800 [main] INFO  (LoginTestDDT_002.java:23) - Password is provided
2022-01-21 13:14:32,688 -0800 [main] INFO  (NewCustomerTest_003.java:20) - UserId is provided
2022-01-21 13:14:32,747 -0800 [main] INFO  (NewCustomerTest_003.java:22) - Password is provided
2022-01-21 13:20:30,143 -0800 [main] INFO  (LoginTest_001.java:17) - URL is opened
2022-01-21 13:20:30,394 -0800 [main] INFO  (LoginTest_001.java:22) - Entered UserID
2022-01-21 13:20:30,458 -0800 [main] INFO  (LoginTest_001.java:25) - Entered Password
2022-01-21 13:20:32,136 -0800 [main] INFO  (LoginTest_001.java:28) - Clicked LoginButton
2022-01-21 13:20:35,147 -0800 [main] INFO  (LoginTest_001.java:37) - Testcase passed
2022-01-21 13:25:24,853 -0800 [main] INFO  (LoginTest_001.java:17) - URL is opened
2022-01-21 13:25:25,096 -0800 [main] INFO  (LoginTest_001.java:22) - Entered UserID
2022-01-21 13:25:25,183 -0800 [main] INFO  (LoginTest_001.java:25) - Entered Password
2022-01-21 13:25:27,112 -0800 [main] INFO  (LoginTest_001.java:28) - Clicked LoginButton
2022-01-21 13:25:30,134 -0800 [main] INFO  (LoginTest_001.java:37) - Testcase passed
2022-01-21 13:29:52,866 -0800 [main] INFO  (LoginTest_001.java:19) - URL is opened
2022-01-21 13:29:53,474 -0800 [main] INFO  (LoginTest_001.java:24) - Entered UserID
2022-01-21 13:29:53,622 -0800 [main] INFO  (LoginTest_001.java:27) - Entered Password
2022-01-21 13:29:54,669 -0800 [main] INFO  (LoginTest_001.java:30) - Clicked LoginButton
2022-01-21 13:29:59,837 -0800 [main] INFO  (LoginTest_001.java:48) - Testcase passed
2022-01-21 13:31:08,468 -0800 [main] INFO  (LoginTest_001.java:19) - URL is opened
2022-01-21 13:31:08,654 -0800 [main] INFO  (LoginTest_001.java:24) - Entered UserID
2022-01-21 13:31:08,733 -0800 [main] INFO  (LoginTest_001.java:27) - Entered Password
2022-01-21 13:31:59,627 -0800 [main] INFO  (LoginTest_001.java:19) - URL is opened
2022-01-21 13:31:59,816 -0800 [main] INFO  (LoginTest_001.java:24) - Entered UserID
2022-01-21 13:31:59,973 -0800 [main] INFO  (LoginTest_001.java:27) - Entered Password
2022-01-21 13:32:15,208 -0800 [main] INFO  (LoginTest_001.java:19) - URL is opened
2022-01-21 13:32:15,422 -0800 [main] INFO  (LoginTest_001.java:24) - Entered UserID
2022-01-21 13:32:15,528 -0800 [main] INFO  (LoginTest_001.java:27) - Entered Password
2022-01-21 13:32:16,484 -0800 [main] INFO  (LoginTest_001.java:30) - Clicked LoginButton
2022-01-21 13:32:21,616 -0800 [main] INFO  (LoginTest_001.java:48) - Testcase passed
2022-01-21 13:32:36,773 -0800 [main] INFO  (LoginTest_001.java:19) - URL is opened
2022-01-21 13:32:36,888 -0800 [main] INFO  (LoginTest_001.java:24) - Entered UserID
2022-01-21 13:32:36,947 -0800 [main] INFO  (LoginTest_001.java:27) - Entered Password
2022-01-21 13:32:37,850 -0800 [main] INFO  (LoginTest_001.java:30) - Clicked LoginButton
2022-01-21 13:32:42,985 -0800 [main] INFO  (LoginTest_001.java:48) - Testcase passed
2022-01-21 13:35:20,812 -0800 [main] INFO  (LoginTest_001.java:19) - URL is opened
2022-01-21 13:35:20,939 -0800 [main] INFO  (LoginTest_001.java:24) - Entered UserID
2022-01-21 13:35:21,031 -0800 [main] INFO  (LoginTest_001.java:27) - Entered Password
2022-01-21 13:35:22,632 -0800 [main] INFO  (LoginTest_001.java:30) - Clicked LoginButton
2022-01-21 13:35:27,759 -0800 [main] INFO  (LoginTest_001.java:45) - Testcase passed
2022-01-21 13:37:28,488 -0800 [main] INFO  (LoginTestDDT_002.java:21) - UserId is provided
2022-01-21 13:37:28,551 -0800 [main] INFO  (LoginTestDDT_002.java:23) - Password is provided
2022-01-21 13:37:29,684 -0800 [main] INFO  (LoginTestDDT_002.java:21) - UserId is provided
2022-01-21 13:37:29,726 -0800 [main] INFO  (LoginTestDDT_002.java:23) - Password is provided
2022-01-21 13:37:30,816 -0800 [main] INFO  (LoginTestDDT_002.java:21) - UserId is provided
2022-01-21 13:37:30,855 -0800 [main] INFO  (LoginTestDDT_002.java:23) - Password is provided
2022-01-21 13:37:31,952 -0800 [main] INFO  (LoginTestDDT_002.java:21) - UserId is provided
2022-01-21 13:37:31,994 -0800 [main] INFO  (LoginTestDDT_002.java:23) - Password is provided
2022-01-21 13:37:33,096 -0800 [main] INFO  (LoginTestDDT_002.java:21) - UserId is provided
2022-01-21 13:37:33,132 -0800 [main] INFO  (LoginTestDDT_002.java:23) - Password is provided
2022-01-21 13:39:31,361 -0800 [main] INFO  (LoginTestDDT_002.java:21) - UserId is provided
2022-01-21 13:39:31,425 -0800 [main] INFO  (LoginTestDDT_002.java:23) - Password is provided
2022-01-21 13:39:32,511 -0800 [main] INFO  (LoginTestDDT_002.java:21) - UserId is provided
2022-01-21 13:39:32,560 -0800 [main] INFO  (LoginTestDDT_002.java:23) - Password is provided
2022-01-21 13:39:33,207 -0800 [main] INFO  (LoginTestDDT_002.java:38) - Login passed
2022-01-21 13:39:34,379 -0800 [main] INFO  (LoginTestDDT_002.java:21) - UserId is provided
2022-01-21 13:39:34,485 -0800 [main] INFO  (LoginTestDDT_002.java:23) - Password is provided
2022-01-21 13:39:35,412 -0800 [main] INFO  (LoginTestDDT_002.java:21) - UserId is provided
2022-01-21 13:39:35,531 -0800 [main] INFO  (LoginTestDDT_002.java:23) - Password is provided
2022-01-21 13:39:36,148 -0800 [main] INFO  (LoginTestDDT_002.java:38) - Login passed
2022-01-21 13:39:37,254 -0800 [main] INFO  (LoginTestDDT_002.java:21) - UserId is provided
2022-01-21 13:39:37,311 -0800 [main] INFO  (LoginTestDDT_002.java:23) - Password is provided
2022-01-21 13:39:48,714 -0800 [main] INFO  (LoginTestDDT_002.java:38) - Login passed
2022-01-21 13:40:59,780 -0800 [main] INFO  (LoginTest_001.java:19) - URL is opened
2022-01-21 13:41:00,160 -0800 [main] INFO  (LoginTest_001.java:24) - Entered UserID
2022-01-21 13:41:00,223 -0800 [main] INFO  (LoginTest_001.java:27) - Entered Password
2022-01-21 13:41:01,032 -0800 [main] INFO  (LoginTest_001.java:30) - Clicked LoginButton
2022-01-21 13:41:04,045 -0800 [main] INFO  (LoginTest_001.java:45) - Testcase passed
2022-01-21 13:41:16,090 -0800 [main] INFO  (LoginTestDDT_002.java:21) - UserId is provided
2022-01-21 13:41:16,286 -0800 [main] INFO  (LoginTestDDT_002.java:23) - Password is provided
2022-01-21 13:41:17,411 -0800 [main] INFO  (LoginTestDDT_002.java:21) - UserId is provided
2022-01-21 13:41:19,109 -0800 [main] INFO  (LoginTestDDT_002.java:23) - Password is provided
2022-01-21 13:41:19,979 -0800 [main] INFO  (LoginTestDDT_002.java:38) - Login passed
2022-01-21 13:41:21,160 -0800 [main] INFO  (LoginTestDDT_002.java:21) - UserId is provided
2022-01-21 13:41:21,243 -0800 [main] INFO  (LoginTestDDT_002.java:23) - Password is provided
2022-01-21 13:41:22,107 -0800 [main] INFO  (LoginTestDDT_002.java:21) - UserId is provided
2022-01-21 13:41:22,235 -0800 [main] INFO  (LoginTestDDT_002.java:23) - Password is provided
2022-01-21 13:41:22,843 -0800 [main] INFO  (LoginTestDDT_002.java:38) - Login passed
2022-01-21 13:41:24,002 -0800 [main] INFO  (LoginTestDDT_002.java:21) - UserId is provided
2022-01-21 13:41:24,067 -0800 [main] INFO  (LoginTestDDT_002.java:23) - Password is provided
2022-01-21 13:42:15,199 -0800 [main] INFO  (LoginTest_001.java:19) - URL is opened
2022-01-21 13:42:16,012 -0800 [main] INFO  (LoginTest_001.java:24) - Entered UserID
2022-01-21 13:42:16,068 -0800 [main] INFO  (LoginTest_001.java:27) - Entered Password
2022-01-21 13:42:16,850 -0800 [main] INFO  (LoginTest_001.java:30) - Clicked LoginButton
2022-01-21 13:42:19,861 -0800 [main] INFO  (LoginTest_001.java:45) - Testcase passed
2022-01-21 13:42:32,266 -0800 [main] INFO  (LoginTestDDT_002.java:21) - UserId is provided
2022-01-21 13:42:32,363 -0800 [main] INFO  (LoginTestDDT_002.java:23) - Password is provided
2022-01-21 13:42:33,686 -0800 [main] INFO  (LoginTestDDT_002.java:21) - UserId is provided
2022-01-21 13:42:33,736 -0800 [main] INFO  (LoginTestDDT_002.java:23) - Password is provided
2022-01-21 13:43:40,376 -0800 [main] INFO  (LoginTest_001.java:19) - URL is opened
2022-01-21 13:43:40,589 -0800 [main] INFO  (LoginTest_001.java:24) - Entered UserID
2022-01-21 13:43:40,646 -0800 [main] INFO  (LoginTest_001.java:27) - Entered Password
2022-01-21 13:43:41,608 -0800 [main] INFO  (LoginTest_001.java:30) - Clicked LoginButton
2022-01-21 13:43:44,619 -0800 [main] INFO  (LoginTest_001.java:45) - Testcase passed
2022-01-21 13:43:52,769 -0800 [main] INFO  (LoginTestDDT_002.java:21) - UserId is provided
2022-01-21 13:43:52,832 -0800 [main] INFO  (LoginTestDDT_002.java:23) - Password is provided
2022-01-21 13:43:54,081 -0800 [main] INFO  (LoginTestDDT_002.java:21) - UserId is provided
2022-01-21 13:43:54,129 -0800 [main] INFO  (LoginTestDDT_002.java:23) - Password is provided
2022-01-21 13:45:47,758 -0800 [main] INFO  (LoginTest_001.java:19) - URL is opened
2022-01-21 13:45:47,873 -0800 [main] INFO  (LoginTest_001.java:24) - Entered UserID
2022-01-21 13:45:47,929 -0800 [main] INFO  (LoginTest_001.java:27) - Entered Password
2022-01-21 13:45:48,922 -0800 [main] INFO  (LoginTest_001.java:30) - Clicked LoginButton
2022-01-21 13:45:51,946 -0800 [main] INFO  (LoginTest_001.java:45) - Testcase passed
2022-01-21 13:46:00,056 -0800 [main] INFO  (LoginTestDDT_002.java:21) - UserId is provided
2022-01-21 13:46:00,121 -0800 [main] INFO  (LoginTestDDT_002.java:23) - Password is provided
2022-01-21 13:46:01,218 -0800 [main] INFO  (LoginTestDDT_002.java:21) - UserId is provided
2022-01-21 13:46:01,269 -0800 [main] INFO  (LoginTestDDT_002.java:23) - Password is provided
2022-01-21 13:51:40,232 -0800 [main] INFO  (LoginTest_001.java:19) - URL is opened
2022-01-21 13:51:40,496 -0800 [main] INFO  (LoginTest_001.java:24) - Entered UserID
2022-01-21 13:51:40,558 -0800 [main] INFO  (LoginTest_001.java:27) - Entered Password
2022-01-21 13:51:42,218 -0800 [main] INFO  (LoginTest_001.java:30) - Clicked LoginButton
2022-01-21 13:51:47,346 -0800 [main] INFO  (LoginTest_001.java:45) - Testcase passed
2022-01-21 13:52:57,945 -0800 [main] INFO  (LoginTestDDT_002.java:21) - UserId is provided
2022-01-21 13:52:58,029 -0800 [main] INFO  (LoginTestDDT_002.java:23) - Password is provided
2022-01-21 13:52:59,933 -0800 [main] INFO  (LoginTestDDT_002.java:21) - UserId is provided
2022-01-21 13:52:59,984 -0800 [main] INFO  (LoginTestDDT_002.java:23) - Password is provided
2022-01-21 13:53:03,539 -0800 [main] INFO  (LoginTestDDT_002.java:36) - Login passed
2022-01-21 13:53:04,961 -0800 [main] INFO  (LoginTestDDT_002.java:21) - UserId is provided
2022-01-21 13:53:05,018 -0800 [main] INFO  (LoginTestDDT_002.java:23) - Password is provided
2022-01-21 13:53:06,004 -0800 [main] INFO  (LoginTestDDT_002.java:21) - UserId is provided
2022-01-21 13:53:06,132 -0800 [main] INFO  (LoginTestDDT_002.java:23) - Password is provided
2022-01-21 13:53:06,778 -0800 [main] INFO  (LoginTestDDT_002.java:36) - Login passed
2022-01-21 13:53:07,796 -0800 [main] INFO  (LoginTestDDT_002.java:21) - UserId is provided
2022-01-21 13:53:07,911 -0800 [main] INFO  (LoginTestDDT_002.java:23) - Password is provided
2022-01-21 13:54:26,624 -0800 [main] INFO  (LoginTestDDT_002.java:23) - UserId is provided
2022-01-21 13:54:26,698 -0800 [main] INFO  (LoginTestDDT_002.java:25) - Password is provided
2022-01-21 13:54:28,180 -0800 [main] INFO  (LoginTestDDT_002.java:23) - UserId is provided
2022-01-21 13:54:28,220 -0800 [main] INFO  (LoginTestDDT_002.java:25) - Password is provided
2022-01-21 13:54:29,313 -0800 [main] INFO  (LoginTestDDT_002.java:23) - UserId is provided
2022-01-21 13:54:29,507 -0800 [main] INFO  (LoginTestDDT_002.java:25) - Password is provided
2022-01-21 13:54:30,599 -0800 [main] INFO  (LoginTestDDT_002.java:23) - UserId is provided
2022-01-21 13:54:30,648 -0800 [main] INFO  (LoginTestDDT_002.java:25) - Password is provided
2022-01-21 13:54:31,745 -0800 [main] INFO  (LoginTestDDT_002.java:23) - UserId is provided
2022-01-21 13:54:31,780 -0800 [main] INFO  (LoginTestDDT_002.java:25) - Password is provided
2022-01-21 13:55:16,873 -0800 [main] INFO  (LoginTestDDT_002.java:23) - UserId is provided
2022-01-21 13:55:16,959 -0800 [main] INFO  (LoginTestDDT_002.java:25) - Password is provided
2022-01-21 13:55:18,178 -0800 [main] INFO  (LoginTestDDT_002.java:23) - UserId is provided
2022-01-21 13:55:18,218 -0800 [main] INFO  (LoginTestDDT_002.java:25) - Password is provided
2022-01-21 13:55:19,312 -0800 [main] INFO  (LoginTestDDT_002.java:23) - UserId is provided
2022-01-21 13:55:19,349 -0800 [main] INFO  (LoginTestDDT_002.java:25) - Password is provided
2022-01-21 13:55:20,447 -0800 [main] INFO  (LoginTestDDT_002.java:23) - UserId is provided
2022-01-21 13:55:20,492 -0800 [main] INFO  (LoginTestDDT_002.java:25) - Password is provided
2022-01-21 13:55:21,603 -0800 [main] INFO  (LoginTestDDT_002.java:23) - UserId is provided
2022-01-21 13:55:21,642 -0800 [main] INFO  (LoginTestDDT_002.java:25) - Password is provided
2022-01-21 13:56:09,986 -0800 [main] INFO  (LoginTestDDT_002.java:23) - UserId is provided
2022-01-21 13:56:10,069 -0800 [main] INFO  (LoginTestDDT_002.java:25) - Password is provided
2022-01-21 13:56:13,380 -0800 [main] INFO  (LoginTestDDT_002.java:23) - UserId is provided
2022-01-21 13:56:13,432 -0800 [main] INFO  (LoginTestDDT_002.java:25) - Password is provided
2022-01-21 13:56:23,536 -0800 [main] INFO  (LoginTestDDT_002.java:23) - UserId is provided
2022-01-21 13:56:23,589 -0800 [main] INFO  (LoginTestDDT_002.java:25) - Password is provided
2022-01-21 13:56:33,656 -0800 [main] INFO  (LoginTestDDT_002.java:23) - UserId is provided
2022-01-21 13:56:33,698 -0800 [main] INFO  (LoginTestDDT_002.java:25) - Password is provided
2022-01-21 13:58:10,287 -0800 [main] INFO  (NewCustomerTest_003.java:20) - UserId is provided
2022-01-21 13:58:10,386 -0800 [main] INFO  (NewCustomerTest_003.java:22) - Password is provided
2022-01-21 13:59:08,382 -0800 [main] INFO  (NewCustomerTest_003.java:21) - UserId is provided
2022-01-21 13:59:08,520 -0800 [main] INFO  (NewCustomerTest_003.java:23) - Password is provided
2022-01-21 14:00:01,678 -0800 [main] INFO  (NewCustomerTest_003.java:21) - UserId is provided
2022-01-21 14:00:01,885 -0800 [main] INFO  (NewCustomerTest_003.java:23) - Password is provided
2022-01-21 14:00:39,868 -0800 [main] INFO  (NewCustomerTest_003.java:21) - UserId is provided
2022-01-21 14:00:40,025 -0800 [main] INFO  (NewCustomerTest_003.java:23) - Password is provided
2022-01-21 14:04:16,146 -0800 [main] INFO  (NewCustomerTest_003.java:21) - UserId is provided
2022-01-21 14:04:16,616 -0800 [main] INFO  (NewCustomerTest_003.java:23) - Password is provided
2022-01-21 14:04:36,349 -0800 [main] INFO  (NewCustomerTest_003.java:21) - UserId is provided
2022-01-21 14:04:36,477 -0800 [main] INFO  (NewCustomerTest_003.java:23) - Password is provided
2022-01-21 14:06:44,660 -0800 [main] INFO  (NewCustomerTest_003.java:21) - UserId is provided
2022-01-21 14:06:44,746 -0800 [main] INFO  (NewCustomerTest_003.java:23) - Password is provided
2022-01-21 14:08:55,539 -0800 [main] INFO  (NewCustomerTest_003.java:21) - UserId is provided
2022-01-21 14:08:55,668 -0800 [main] INFO  (NewCustomerTest_003.java:23) - Password is provided
2022-01-21 14:09:49,385 -0800 [main] INFO  (NewCustomerTest_003.java:21) - UserId is provided
2022-01-21 14:09:49,465 -0800 [main] INFO  (NewCustomerTest_003.java:23) - Password is provided
2022-01-21 14:12:51,604 -0800 [main] INFO  (NewCustomerTest_003.java:21) - UserId is provided
2022-01-21 14:12:51,778 -0800 [main] INFO  (NewCustomerTest_003.java:23) - Password is provided
2022-01-21 14:14:27,744 -0800 [main] INFO  (NewCustomerTest_003.java:21) - UserId is provided
2022-01-21 14:14:27,823 -0800 [main] INFO  (NewCustomerTest_003.java:23) - Password is provided
2022-01-21 14:17:17,786 -0800 [main] INFO  (NewCustomerTest_003.java:21) - UserId is provided
2022-01-21 14:17:18,008 -0800 [main] INFO  (NewCustomerTest_003.java:23) - Password is provided
2022-01-21 14:26:09,901 -0800 [main] INFO  (NewCustomerTest_003.java:21) - UserId is provided
2022-01-21 14:26:10,038 -0800 [main] INFO  (NewCustomerTest_003.java:23) - Password is provided
2022-01-21 14:26:40,228 -0800 [main] INFO  (NewCustomerTest_003.java:21) - UserId is provided
2022-01-21 14:26:40,337 -0800 [main] INFO  (NewCustomerTest_003.java:23) - Password is provided
2022-01-21 14:32:52,847 -0800 [main] INFO  (NewCustomerTest_003.java:21) - UserId is provided
2022-01-21 14:32:53,076 -0800 [main] INFO  (NewCustomerTest_003.java:23) - Password is provided
2022-01-21 14:33:18,329 -0800 [main] INFO  (NewCustomerTest_003.java:21) - UserId is provided
2022-01-21 14:33:18,500 -0800 [main] INFO  (NewCustomerTest_003.java:23) - Password is provided
2022-01-21 14:38:53,760 -0800 [main] INFO  (NewCustomerTest_003.java:21) - UserId is provided
2022-01-21 14:38:53,874 -0800 [main] INFO  (NewCustomerTest_003.java:23) - Password is provided
2022-01-21 14:39:11,606 -0800 [main] INFO  (NewCustomerTest_003.java:21) - UserId is provided
2022-01-21 14:39:11,768 -0800 [main] INFO  (NewCustomerTest_003.java:23) - Password is provided
2022-01-21 15:14:00,015 -0800 [main] INFO  (NewCustomerTest_003.java:21) - UserId is provided
2022-01-21 15:14:00,202 -0800 [main] INFO  (NewCustomerTest_003.java:23) - Password is provided
2022-01-21 15:18:32,117 -0800 [main] INFO  (NewCustomerTest_003.java:21) - UserId is provided
2022-01-21 15:18:32,227 -0800 [main] INFO  (NewCustomerTest_003.java:23) - Password is provided
2022-01-21 15:18:58,531 -0800 [main] INFO  (NewCustomerTest_003.java:21) - UserId is provided
2022-01-21 15:18:58,591 -0800 [main] INFO  (NewCustomerTest_003.java:23) - Password is provided
2022-01-21 15:19:25,047 -0800 [main] INFO  (NewCustomerTest_003.java:21) - UserId is provided
2022-01-21 15:19:25,134 -0800 [main] INFO  (NewCustomerTest_003.java:23) - Password is provided
2022-01-21 15:24:41,386 -0800 [main] INFO  (NewCustomerTest_003.java:21) - UserId is provided
2022-01-21 15:24:41,478 -0800 [main] INFO  (NewCustomerTest_003.java:23) - Password is provided
2022-01-21 15:25:52,462 -0800 [main] INFO  (NewCustomerTest_003.java:21) - UserId is provided
2022-01-21 15:25:52,565 -0800 [main] INFO  (NewCustomerTest_003.java:23) - Password is provided
2022-01-21 15:36:56,257 -0800 [main] INFO  (NewCustomerTest_003.java:21) - UserId is provided
2022-01-21 15:36:56,326 -0800 [main] INFO  (NewCustomerTest_003.java:23) - Password is provided
2022-01-21 15:37:57,325 -0800 [main] INFO  (NewCustomerTest_003.java:21) - UserId is provided
2022-01-21 15:37:57,487 -0800 [main] INFO  (NewCustomerTest_003.java:23) - Password is provided
2022-01-21 15:38:15,974 -0800 [main] INFO  (NewCustomerTest_003.java:21) - UserId is provided
2022-01-21 15:38:16,114 -0800 [main] INFO  (NewCustomerTest_003.java:23) - Password is provided
2022-01-21 15:43:09,412 -0800 [main] INFO  (NewCustomerTest_003.java:21) - UserId is provided
2022-01-21 15:43:09,565 -0800 [main] INFO  (NewCustomerTest_003.java:23) - Password is provided
2022-01-21 15:43:38,070 -0800 [main] INFO  (NewCustomerTest_003.java:21) - UserId is provided
2022-01-21 15:43:38,130 -0800 [main] INFO  (NewCustomerTest_003.java:23) - Password is provided
2022-01-21 15:48:51,507 -0800 [main] INFO  (NewCustomerTest_003.java:21) - UserId is provided
2022-01-21 15:48:51,620 -0800 [main] INFO  (NewCustomerTest_003.java:23) - Password is provided
2022-01-21 15:50:58,655 -0800 [main] INFO  (LoginTest_001.java:19) - URL is opened
2022-01-21 15:50:58,820 -0800 [main] INFO  (LoginTest_001.java:24) - Entered UserID
2022-01-21 15:50:58,884 -0800 [main] INFO  (LoginTest_001.java:27) - Entered Password
2022-01-21 15:51:00,336 -0800 [main] INFO  (LoginTest_001.java:30) - Clicked LoginButton
2022-01-21 15:51:05,483 -0800 [main] INFO  (LoginTest_001.java:45) - Testcase passed
2022-01-21 15:51:16,327 -0800 [main] INFO  (LoginTestDDT_002.java:23) - UserId is provided
2022-01-21 15:51:16,525 -0800 [main] INFO  (LoginTestDDT_002.java:25) - Password is provided
2022-01-21 15:51:19,856 -0800 [main] INFO  (LoginTestDDT_002.java:23) - UserId is provided
2022-01-21 15:51:19,907 -0800 [main] INFO  (LoginTestDDT_002.java:25) - Password is provided
2022-01-21 15:51:30,014 -0800 [main] INFO  (LoginTestDDT_002.java:23) - UserId is provided
2022-01-21 15:51:30,066 -0800 [main] INFO  (LoginTestDDT_002.java:25) - Password is provided
2022-01-21 15:51:40,124 -0800 [main] INFO  (LoginTestDDT_002.java:23) - UserId is provided
2022-01-21 15:51:40,160 -0800 [main] INFO  (LoginTestDDT_002.java:25) - Password is provided
2022-01-21 15:51:50,222 -0800 [main] INFO  (LoginTestDDT_002.java:23) - UserId is provided
2022-01-21 15:51:50,259 -0800 [main] INFO  (LoginTestDDT_002.java:25) - Password is provided
2022-01-21 15:52:06,956 -0800 [main] INFO  (NewCustomerTest_003.java:21) - UserId is provided
2022-01-21 15:52:07,043 -0800 [main] INFO  (NewCustomerTest_003.java:23) - Password is provided
2022-01-21 17:08:41,116 -0800 [main] INFO  (NewCustomerTest_003.java:21) - UserId is provided
2022-01-21 17:08:41,243 -0800 [main] INFO  (NewCustomerTest_003.java:23) - Password is provided
2022-01-23 10:15:01,728 -0800 [main] INFO  (NewCustomerTest_003.java:21) - UserId is provided
2022-01-23 10:15:02,139 -0800 [main] INFO  (NewCustomerTest_003.java:23) - Password is provided
2022-01-23 10:32:57,747 -0800 [main] INFO  (NewCustomerTest_003.java:21) - UserId is provided
2022-01-23 10:33:15,363 -0800 [main] INFO  (NewCustomerTest_003.java:23) - Password is provided
2022-01-23 10:34:32,421 -0800 [main] INFO  (NewCustomerTest_003.java:21) - UserId is provided
2022-01-23 10:34:48,577 -0800 [main] INFO  (NewCustomerTest_003.java:28) - Password is provided
2022-01-23 10:40:56,605 -0800 [main] INFO  (NewCustomerTest_003.java:21) - UserId is provided
2022-01-23 10:41:10,196 -0800 [main] INFO  (NewCustomerTest_003.java:30) - Password is provided
2022-01-23 10:41:16,842 -0800 [main] INFO  (NewCustomerTest_003.java:62) - Customer details are provided
2022-01-23 10:41:23,077 -0800 [main] INFO  (NewCustomerTest_003.java:73) - Testcase is passed
2022-01-23 10:41:42,440 -0800 [main] INFO  (NewCustomerTest_003.java:21) - UserId is provided
2022-01-23 10:41:59,945 -0800 [main] INFO  (NewCustomerTest_003.java:30) - Password is provided
2022-01-23 10:42:07,737 -0800 [main] INFO  (NewCustomerTest_003.java:62) - Customer details are provided
2022-01-23 10:42:12,127 -0800 [main] INFO  (NewCustomerTest_003.java:73) - Testcase is passed
2022-01-23 10:43:48,685 -0800 [main] INFO  (LoginTest_001.java:19) - URL is opened
2022-01-23 10:44:04,878 -0800 [main] INFO  (LoginTest_001.java:24) - Entered UserID
2022-01-23 10:44:04,997 -0800 [main] INFO  (LoginTest_001.java:27) - Entered Password
2022-01-23 10:44:32,979 -0800 [main] INFO  (LoginTestDDT_002.java:23) - UserId is provided
2022-01-23 10:44:33,811 -0800 [main] INFO  (LoginTestDDT_002.java:25) - Password is provided
2022-01-23 10:44:38,789 -0800 [main] INFO  (LoginTestDDT_002.java:23) - UserId is provided
2022-01-23 10:44:38,850 -0800 [main] INFO  (LoginTestDDT_002.java:25) - Password is provided
2022-01-23 10:44:48,975 -0800 [main] INFO  (LoginTestDDT_002.java:23) - UserId is provided
2022-01-23 10:44:49,012 -0800 [main] INFO  (LoginTestDDT_002.java:25) - Password is provided
2022-01-23 10:44:59,067 -0800 [main] INFO  (LoginTestDDT_002.java:23) - UserId is provided
2022-01-23 10:44:59,107 -0800 [main] INFO  (LoginTestDDT_002.java:25) - Password is provided
2022-01-23 10:45:09,168 -0800 [main] INFO  (LoginTestDDT_002.java:23) - UserId is provided
2022-01-23 10:45:09,203 -0800 [main] INFO  (LoginTestDDT_002.java:25) - Password is provided
2022-01-23 10:45:34,864 -0800 [main] INFO  (NewCustomerTest_003.java:21) - UserId is provided
2022-01-23 10:45:55,241 -0800 [main] INFO  (NewCustomerTest_003.java:30) - Password is provided
2022-01-23 10:56:59,009 -0800 [main] INFO  (NewCustomerTest_003.java:21) - UserId is provided
2022-01-23 10:57:02,187 -0800 [main] INFO  (NewCustomerTest_003.java:30) - Password is provided
2022-01-23 10:57:12,125 -0800 [main] INFO  (NewCustomerTest_003.java:62) - Customer details are provided
2022-01-23 10:57:25,334 -0800 [main] INFO  (NewCustomerTest_003.java:73) - Testcase is passed
2022-01-23 10:59:09,839 -0800 [main] INFO  (NewCustomerTest_003.java:21) - UserId is provided
2022-01-23 11:00:30,103 -0800 [main] INFO  (NewCustomerTest_003.java:21) - UserId is provided
2022-01-23 11:00:42,681 -0800 [main] INFO  (NewCustomerTest_003.java:30) - Password is provided
2022-01-23 11:00:50,717 -0800 [main] INFO  (NewCustomerTest_003.java:62) - Customer details are provided
2022-01-23 11:01:18,212 -0800 [main] INFO  (NewCustomerTest_003.java:21) - UserId is provided
2022-01-23 11:01:21,605 -0800 [main] INFO  (NewCustomerTest_003.java:30) - Password is provided
2022-01-23 11:01:26,720 -0800 [main] INFO  (NewCustomerTest_003.java:62) - Customer details are provided
2022-01-23 11:01:30,536 -0800 [main] INFO  (NewCustomerTest_003.java:73) - Testcase is passed
2022-01-23 11:04:01,923 -0800 [main] INFO  (LoginTest_001.java:19) - URL is opened
2022-01-23 11:04:40,185 -0800 [main] INFO  (LoginTest_001.java:24) - Entered UserID
2022-01-23 11:04:40,485 -0800 [main] INFO  (LoginTest_001.java:27) - Entered Password
2022-01-23 11:04:49,031 -0800 [main] INFO  (LoginTest_001.java:36) - Clicked LoginButton
2022-01-23 11:04:52,095 -0800 [main] INFO  (LoginTest_001.java:51) - Testcase passed
2022-01-23 11:05:20,567 -0800 [main] INFO  (LoginTestDDT_002.java:23) - UserId is provided
2022-01-23 11:05:20,659 -0800 [main] INFO  (LoginTestDDT_002.java:25) - Password is provided
2022-01-23 11:05:23,910 -0800 [main] INFO  (LoginTestDDT_002.java:23) - UserId is provided
2022-01-23 11:05:23,959 -0800 [main] INFO  (LoginTestDDT_002.java:25) - Password is provided
2022-01-23 11:05:34,084 -0800 [main] INFO  (LoginTestDDT_002.java:23) - UserId is provided
2022-01-23 11:05:34,141 -0800 [main] INFO  (LoginTestDDT_002.java:25) - Password is provided
2022-01-23 11:05:44,195 -0800 [main] INFO  (LoginTestDDT_002.java:23) - UserId is provided
2022-01-23 11:05:44,234 -0800 [main] INFO  (LoginTestDDT_002.java:25) - Password is provided
2022-01-23 11:05:54,327 -0800 [main] INFO  (LoginTestDDT_002.java:23) - UserId is provided
2022-01-23 11:05:54,361 -0800 [main] INFO  (LoginTestDDT_002.java:25) - Password is provided
2022-01-23 11:06:11,854 -0800 [main] INFO  (NewCustomerTest_003.java:21) - UserId is provided
2022-01-23 11:06:41,430 -0800 [main] INFO  (NewCustomerTest_003.java:30) - Password is provided
2022-01-23 11:06:55,333 -0800 [main] INFO  (NewCustomerTest_003.java:62) - Customer details are provided
2022-01-23 11:07:00,209 -0800 [main] INFO  (NewCustomerTest_003.java:73) - Testcase is passed
2022-01-23 11:23:28,623 -0800 [main] INFO  (NewCustomerTest_003.java:21) - UserId is provided
2022-01-23 11:23:31,328 -0800 [main] INFO  (NewCustomerTest_003.java:30) - Password is provided
2022-01-23 11:25:24,882 -0800 [main] INFO  (NewCustomerTest_003.java:21) - UserId is provided
2022-01-23 11:25:43,439 -0800 [main] INFO  (NewCustomerTest_003.java:30) - Password is provided
2022-01-23 11:26:09,988 -0800 [main] INFO  (NewCustomerTest_003.java:21) - UserId is provided
2022-01-23 11:26:29,479 -0800 [main] INFO  (NewCustomerTest_003.java:30) - Password is provided
2022-01-23 11:27:11,284 -0800 [main] INFO  (NewCustomerTest_003.java:21) - UserId is provided
2022-01-23 11:27:13,858 -0800 [main] INFO  (NewCustomerTest_003.java:30) - Password is provided
2022-01-23 11:28:33,408 -0800 [main] INFO  (NewCustomerTest_003.java:21) - UserId is provided
2022-01-23 11:28:36,220 -0800 [main] INFO  (NewCustomerTest_003.java:30) - Password is provided
2022-01-23 11:28:41,168 -0800 [main] INFO  (NewCustomerTest_003.java:60) - Customer details are provided
2022-01-23 11:28:44,942 -0800 [main] INFO  (NewCustomerTest_003.java:71) - Testcase is passed
2022-01-23 11:29:13,901 -0800 [main] INFO  (LoginTest_001.java:19) - URL is opened
2022-01-23 11:29:14,021 -0800 [main] INFO  (LoginTest_001.java:24) - Entered UserID
2022-01-23 11:29:14,088 -0800 [main] INFO  (LoginTest_001.java:27) - Entered Password
2022-01-23 11:29:17,217 -0800 [main] INFO  (LoginTest_001.java:36) - Clicked LoginButton
2022-01-23 11:29:20,225 -0800 [main] INFO  (LoginTest_001.java:51) - Testcase passed
2022-01-23 11:29:27,679 -0800 [main] INFO  (LoginTestDDT_002.java:23) - UserId is provided
2022-01-23 11:29:27,736 -0800 [main] INFO  (LoginTestDDT_002.java:25) - Password is provided
2022-01-23 11:29:30,942 -0800 [main] INFO  (LoginTestDDT_002.java:23) - UserId is provided
2022-01-23 11:29:31,082 -0800 [main] INFO  (LoginTestDDT_002.java:25) - Password is provided
2022-01-23 11:29:41,199 -0800 [main] INFO  (LoginTestDDT_002.java:23) - UserId is provided
2022-01-23 11:29:41,251 -0800 [main] INFO  (LoginTestDDT_002.java:25) - Password is provided
2022-01-23 11:29:51,313 -0800 [main] INFO  (LoginTestDDT_002.java:23) - UserId is provided
2022-01-23 11:29:51,347 -0800 [main] INFO  (LoginTestDDT_002.java:25) - Password is provided
2022-01-23 11:30:01,413 -0800 [main] INFO  (LoginTestDDT_002.java:23) - UserId is provided
2022-01-23 11:30:01,452 -0800 [main] INFO  (LoginTestDDT_002.java:25) - Password is provided
2022-01-23 11:30:16,366 -0800 [main] INFO  (NewCustomerTest_003.java:21) - UserId is provided
2022-01-23 11:30:18,748 -0800 [main] INFO  (NewCustomerTest_003.java:30) - Password is provided
2022-01-23 11:30:23,766 -0800 [main] INFO  (NewCustomerTest_003.java:60) - Customer details are provided
2022-01-23 11:30:27,602 -0800 [main] INFO  (NewCustomerTest_003.java:71) - Testcase is passed
2022-01-23 11:33:19,882 -0800 [main] INFO  (LoginTest_001.java:19) - URL is opened
2022-01-23 11:33:20,111 -0800 [main] INFO  (LoginTest_001.java:24) - Entered UserID
2022-01-23 11:33:20,619 -0800 [main] INFO  (LoginTest_001.java:27) - Entered Password
2022-01-23 11:33:23,504 -0800 [main] INFO  (LoginTest_001.java:36) - Clicked LoginButton
2022-01-23 11:33:26,513 -0800 [main] INFO  (LoginTest_001.java:51) - Testcase passed
2022-01-23 11:33:32,499 -0800 [main] INFO  (LoginTestDDT_002.java:23) - UserId is provided
2022-01-23 11:33:32,590 -0800 [main] INFO  (LoginTestDDT_002.java:25) - Password is provided
2022-01-23 11:33:35,747 -0800 [main] INFO  (LoginTestDDT_002.java:23) - UserId is provided
2022-01-23 11:33:35,865 -0800 [main] INFO  (LoginTestDDT_002.java:25) - Password is provided
2022-01-23 11:33:45,975 -0800 [main] INFO  (LoginTestDDT_002.java:23) - UserId is provided
2022-01-23 11:33:46,027 -0800 [main] INFO  (LoginTestDDT_002.java:25) - Password is provided
2022-01-23 11:33:56,118 -0800 [main] INFO  (LoginTestDDT_002.java:23) - UserId is provided
2022-01-23 11:33:56,168 -0800 [main] INFO  (LoginTestDDT_002.java:25) - Password is provided
2022-01-23 11:34:06,258 -0800 [main] INFO  (LoginTestDDT_002.java:23) - UserId is provided
2022-01-23 11:34:06,309 -0800 [main] INFO  (LoginTestDDT_002.java:25) - Password is provided
2022-01-23 11:34:22,751 -0800 [main] INFO  (NewCustomerTest_003.java:21) - UserId is provided
2022-01-23 11:34:24,965 -0800 [main] INFO  (NewCustomerTest_003.java:30) - Password is provided
2022-01-23 11:34:29,909 -0800 [main] INFO  (NewCustomerTest_003.java:60) - Customer details are provided
2022-01-23 11:34:33,698 -0800 [main] INFO  (NewCustomerTest_003.java:71) - Testcase is passed
2022-01-23 12:05:35,166 -0800 [main] INFO  (LoginTest_001.java:19) - URL is opened
2022-01-23 12:05:58,319 -0800 [main] INFO  (LoginTest_001.java:24) - Entered UserID
2022-01-23 12:05:58,650 -0800 [main] INFO  (LoginTest_001.java:27) - Entered Password
2022-01-23 12:06:07,697 -0800 [main] INFO  (LoginTest_001.java:36) - Clicked LoginButton
2022-01-23 12:06:10,854 -0800 [main] INFO  (LoginTest_001.java:51) - Testcase passed
2022-01-23 12:07:16,152 -0800 [main] INFO  (LoginTestDDT_002.java:23) - UserId is provided
2022-01-23 12:07:16,422 -0800 [main] INFO  (LoginTestDDT_002.java:25) - Password is provided
2022-01-23 12:07:22,961 -0800 [main] INFO  (LoginTestDDT_002.java:23) - UserId is provided
2022-01-23 12:07:36,640 -0800 [main] INFO  (LoginTestDDT_002.java:25) - Password is provided
2022-01-23 12:08:05,806 -0800 [main] INFO  (LoginTestDDT_002.java:23) - UserId is provided
2022-01-23 12:08:06,102 -0800 [main] INFO  (LoginTestDDT_002.java:25) - Password is provided
2022-01-23 12:08:26,541 -0800 [main] INFO  (LoginTestDDT_002.java:23) - UserId is provided
2022-01-23 12:08:27,221 -0800 [main] INFO  (LoginTestDDT_002.java:25) - Password is provided
2022-01-23 12:08:37,297 -0800 [main] INFO  (LoginTestDDT_002.java:23) - UserId is provided
2022-01-23 12:08:37,346 -0800 [main] INFO  (LoginTestDDT_002.java:25) - Password is provided
2022-01-23 12:09:30,771 -0800 [main] INFO  (NewCustomerTest_003.java:21) - UserId is provided
2022-01-23 12:09:31,152 -0800 [main] INFO  (NewCustomerTest_003.java:24) - Password is provided
2022-01-23 12:09:40,838 -0800 [main] INFO  (NewCustomerTest_003.java:53) - Customer details are provided
2022-01-23 12:09:47,776 -0800 [main] INFO  (NewCustomerTest_003.java:64) - Testcase is passed
2022-01-23 16:31:46,345 -0800 [main] INFO  (LoginTest_001.java:19) - URL is opened
2022-01-23 16:31:57,931 -0800 [main] INFO  (LoginTest_001.java:24) - Entered UserID
2022-01-23 16:31:58,359 -0800 [main] INFO  (LoginTest_001.java:27) - Entered Password
2022-01-23 16:32:02,603 -0800 [main] INFO  (LoginTest_001.java:36) - Clicked LoginButton
2022-01-23 16:32:05,707 -0800 [main] INFO  (LoginTest_001.java:45) - Testcase passed
2022-01-23 16:32:22,266 -0800 [main] INFO  (LoginTestDDT_002.java:23) - UserId is provided
2022-01-23 16:32:22,478 -0800 [main] INFO  (LoginTestDDT_002.java:25) - Password is provided
2022-01-23 16:32:26,979 -0800 [main] INFO  (LoginTestDDT_002.java:23) - UserId is provided
2022-01-23 16:32:27,053 -0800 [main] INFO  (LoginTestDDT_002.java:25) - Password is provided
2022-01-23 16:32:37,192 -0800 [main] INFO  (LoginTestDDT_002.java:23) - UserId is provided
2022-01-23 16:32:37,252 -0800 [main] INFO  (LoginTestDDT_002.java:25) - Password is provided
2022-01-23 16:32:47,325 -0800 [main] INFO  (LoginTestDDT_002.java:23) - UserId is provided
2022-01-23 16:32:47,376 -0800 [main] INFO  (LoginTestDDT_002.java:25) - Password is provided
2022-01-23 16:32:57,448 -0800 [main] INFO  (LoginTestDDT_002.java:23) - UserId is provided
2022-01-23 16:32:57,498 -0800 [main] INFO  (LoginTestDDT_002.java:25) - Password is provided
2022-01-23 16:33:15,793 -0800 [main] INFO  (NewCustomerTest_003.java:20) - UserId is provided
2022-01-23 16:33:22,160 -0800 [main] INFO  (NewCustomerTest_003.java:23) - Password is provided
2022-01-23 16:33:33,971 -0800 [main] INFO  (NewCustomerTest_003.java:52) - Customer details are provided
2022-01-23 16:33:38,641 -0800 [main] INFO  (NewCustomerTest_003.java:63) - Testcase is passed
2022-01-23 16:39:32,347 -0800 [main] INFO  (LoginTestDDT_002.java:23) - UserId is provided
2022-01-23 16:39:32,758 -0800 [main] INFO  (LoginTestDDT_002.java:25) - Password is provided
2022-01-23 16:39:33,935 -0800 [main] INFO  (LoginTestDDT_002.java:23) - UserId is provided
2022-01-23 16:39:33,993 -0800 [main] INFO  (LoginTestDDT_002.java:25) - Password is provided
2022-01-23 16:39:35,108 -0800 [main] INFO  (LoginTestDDT_002.java:23) - UserId is provided
2022-01-23 16:39:35,162 -0800 [main] INFO  (LoginTestDDT_002.java:25) - Password is provided
2022-01-23 16:39:36,394 -0800 [main] INFO  (LoginTestDDT_002.java:23) - UserId is provided
2022-01-23 16:39:36,447 -0800 [main] INFO  (LoginTestDDT_002.java:25) - Password is provided
2022-01-23 16:39:37,551 -0800 [main] INFO  (LoginTestDDT_002.java:23) - UserId is provided
2022-01-23 16:39:37,601 -0800 [main] INFO  (LoginTestDDT_002.java:25) - Password is provided
2022-01-23 16:41:25,715 -0800 [main] INFO  (LoginTestDDT_002.java:23) - UserId is provided
2022-01-23 16:41:25,816 -0800 [main] INFO  (LoginTestDDT_002.java:25) - Password is provided
2022-01-23 16:41:27,411 -0800 [main] INFO  (LoginTestDDT_002.java:23) - UserId is provided
2022-01-23 16:41:27,465 -0800 [main] INFO  (LoginTestDDT_002.java:25) - Password is provided
2022-01-23 16:41:28,580 -0800 [main] INFO  (LoginTestDDT_002.java:23) - UserId is provided
2022-01-23 16:41:28,633 -0800 [main] INFO  (LoginTestDDT_002.java:25) - Password is provided
2022-01-23 16:41:29,741 -0800 [main] INFO  (LoginTestDDT_002.java:23) - UserId is provided
2022-01-23 16:41:29,793 -0800 [main] INFO  (LoginTestDDT_002.java:25) - Password is provided
2022-01-23 16:41:30,899 -0800 [main] INFO  (LoginTestDDT_002.java:23) - UserId is provided
2022-01-23 16:41:30,950 -0800 [main] INFO  (LoginTestDDT_002.java:25) - Password is provided
2022-01-23 16:42:56,366 -0800 [main] INFO  (LoginTestDDT_002.java:23) - UserId is provided
2022-01-23 16:42:56,552 -0800 [main] INFO  (LoginTestDDT_002.java:25) - Password is provided
2022-01-23 16:42:57,709 -0800 [main] INFO  (LoginTestDDT_002.java:23) - UserId is provided
2022-01-23 16:42:57,765 -0800 [main] INFO  (LoginTestDDT_002.java:25) - Password is provided
2022-01-23 16:42:58,911 -0800 [main] INFO  (LoginTestDDT_002.java:23) - UserId is provided
2022-01-23 16:42:58,985 -0800 [main] INFO  (LoginTestDDT_002.java:25) - Password is provided
2022-01-23 16:43:00,098 -0800 [main] INFO  (LoginTestDDT_002.java:23) - UserId is provided
2022-01-23 16:43:00,150 -0800 [main] INFO  (LoginTestDDT_002.java:25) - Password is provided
2022-01-23 16:43:01,257 -0800 [main] INFO  (LoginTestDDT_002.java:23) - UserId is provided
2022-01-23 16:43:01,307 -0800 [main] INFO  (LoginTestDDT_002.java:25) - Password is provided
2022-01-23 16:45:51,950 -0800 [main] INFO  (LoginTestDDT_002.java:23) - UserId is provided
2022-01-23 16:45:52,038 -0800 [main] INFO  (LoginTestDDT_002.java:25) - Password is provided
2022-01-23 16:45:53,204 -0800 [main] INFO  (LoginTestDDT_002.java:23) - UserId is provided
2022-01-23 16:45:53,262 -0800 [main] INFO  (LoginTestDDT_002.java:25) - Password is provided
2022-01-23 16:45:54,375 -0800 [main] INFO  (LoginTestDDT_002.java:23) - UserId is provided
2022-01-23 16:45:54,438 -0800 [main] INFO  (LoginTestDDT_002.java:25) - Password is provided
2022-01-23 16:45:55,548 -0800 [main] INFO  (LoginTestDDT_002.java:23) - UserId is provided
2022-01-23 16:45:55,601 -0800 [main] INFO  (LoginTestDDT_002.java:25) - Password is provided
2022-01-23 16:45:56,710 -0800 [main] INFO  (LoginTestDDT_002.java:23) - UserId is provided
2022-01-23 16:45:56,763 -0800 [main] INFO  (LoginTestDDT_002.java:25) - Password is provided
2022-01-23 16:47:16,328 -0800 [main] INFO  (LoginTestDDT_002.java:23) - UserId is provided
2022-01-23 16:47:16,805 -0800 [main] INFO  (LoginTestDDT_002.java:25) - Password is provided
2022-01-23 16:47:18,247 -0800 [main] INFO  (LoginTestDDT_002.java:23) - UserId is provided
2022-01-23 16:47:18,283 -0800 [main] INFO  (LoginTestDDT_002.java:25) - Password is provided
2022-01-23 16:47:19,384 -0800 [main] INFO  (LoginTestDDT_002.java:23) - UserId is provided
2022-01-23 16:47:19,523 -0800 [main] INFO  (LoginTestDDT_002.java:25) - Password is provided
2022-01-23 16:47:20,626 -0800 [main] INFO  (LoginTestDDT_002.java:23) - UserId is provided
2022-01-23 16:47:20,663 -0800 [main] INFO  (LoginTestDDT_002.java:25) - Password is provided
2022-01-23 16:47:21,753 -0800 [main] INFO  (LoginTestDDT_002.java:23) - UserId is provided
2022-01-23 16:47:21,788 -0800 [main] INFO  (LoginTestDDT_002.java:25) - Password is provided
2022-01-23 16:48:05,125 -0800 [main] INFO  (LoginTestDDT_002.java:23) - UserId is provided
2022-01-23 16:48:05,219 -0800 [main] INFO  (LoginTestDDT_002.java:25) - Password is provided
2022-01-23 16:48:09,371 -0800 [main] INFO  (LoginTestDDT_002.java:23) - UserId is provided
2022-01-23 16:48:09,423 -0800 [main] INFO  (LoginTestDDT_002.java:25) - Password is provided
2022-01-23 16:48:19,508 -0800 [main] INFO  (LoginTestDDT_002.java:23) - UserId is provided
2022-01-23 16:48:19,544 -0800 [main] INFO  (LoginTestDDT_002.java:25) - Password is provided
2022-01-23 17:00:24,330 -0800 [main] INFO  (LoginTestDDT_002.java:23) - UserId is provided
2022-01-23 17:00:24,631 -0800 [main] INFO  (LoginTestDDT_002.java:25) - Password is provided
2022-01-23 17:00:25,729 -0800 [main] INFO  (LoginTestDDT_002.java:23) - UserId is provided
2022-01-23 17:00:25,767 -0800 [main] INFO  (LoginTestDDT_002.java:25) - Password is provided
2022-01-23 17:00:36,471 -0800 [main] INFO  (LoginTestDDT_002.java:23) - UserId is provided
2022-01-23 17:00:36,507 -0800 [main] INFO  (LoginTestDDT_002.java:25) - Password is provided
2022-01-23 21:31:04,455 -0800 [main] INFO  (LoginTestDDT_002.java:23) - UserId is provided
2022-01-23 21:31:04,903 -0800 [main] INFO  (LoginTestDDT_002.java:25) - Password is provided
2022-01-23 21:31:07,714 -0800 [main] INFO  (LoginTestDDT_002.java:23) - UserId is provided
2022-01-23 21:31:07,787 -0800 [main] INFO  (LoginTestDDT_002.java:25) - Password is provided
2022-01-23 21:31:17,865 -0800 [main] INFO  (LoginTestDDT_002.java:23) - UserId is provided
2022-01-23 21:31:17,917 -0800 [main] INFO  (LoginTestDDT_002.java:25) - Password is provided
2022-01-23 21:31:28,010 -0800 [main] INFO  (LoginTestDDT_002.java:23) - UserId is provided
2022-01-23 21:31:28,063 -0800 [main] INFO  (LoginTestDDT_002.java:25) - Password is provided
2022-01-23 21:31:38,169 -0800 [main] INFO  (LoginTestDDT_002.java:23) - UserId is provided
2022-01-23 21:31:38,282 -0800 [main] INFO  (LoginTestDDT_002.java:25) - Password is provided
2022-01-24 11:17:14,045 -0800 [main] INFO  (EditCustomerTest_004.java:18) - UserId is provided
2022-01-24 11:17:14,455 -0800 [main] INFO  (EditCustomerTest_004.java:21) - Password is provided
2022-01-24 11:23:06,612 -0800 [main] INFO  (EditCustomerTest_004.java:18) - UserId is provided
2022-01-24 11:23:07,490 -0800 [main] INFO  (EditCustomerTest_004.java:21) - Password is provided
